<?xml version="1.0" encoding="UTF-8"?>
<testng-results ignored="0" total="8" passed="7" failed="1" skipped="0">
  <reporter-output>
  </reporter-output>
  <suite started-at="2024-05-01T00:22:42 IST" name="Login Page UI Test Suite (0)" finished-at="2024-05-01T00:22:42 IST" duration-ms="29">
    <groups>
    </groups>
    <test started-at="2024-05-01T00:22:42 IST" name="Login Page Form Test" finished-at="2024-05-01T00:22:42 IST" duration-ms="29">
      <class name="maven_demo.MyAccountPageUITest">
        <test-method signature="Find_ProfilePicture()[pri:0, instance:maven_demo.MyAccountPageUITest@543588e6]" started-at="2024-05-01T00:22:42 IST" name="Find_ProfilePicture" finished-at="2024-05-01T00:22:42 IST" duration-ms="9" status="PASS">
          <reporter-output>
          </reporter-output>
        </test-method> <!-- Find_ProfilePicture -->
        <test-method signature="Find_LoggedIn_Username()[pri:1, instance:maven_demo.MyAccountPageUITest@543588e6]" started-at="2024-05-01T00:22:42 IST" name="Find_LoggedIn_Username" finished-at="2024-05-01T00:22:42 IST" duration-ms="15" status="FAIL">
          <exception class="java.lang.AssertionError">
            <message>
              <![CDATA[Username not visible]]>
            </message>
            <full-stacktrace>
              <![CDATA[java.lang.AssertionError: Username not visible
at org.testng.Assert.fail(Assert.java:99)
at maven_demo.MyAccountPageUITest.Find_LoggedIn_Username(MyAccountPageUITest.java:37)
at java.base/jdk.internal.reflect.DirectMethodHandleAccessor.invoke(DirectMethodHandleAccessor.java:104)
at java.base/java.lang.reflect.Method.invoke(Method.java:577)
at org.testng.internal.MethodInvocationHelper.invokeMethod(MethodInvocationHelper.java:133)
at org.testng.internal.TestInvoker.invokeMethod(TestInvoker.java:598)
at org.testng.internal.TestInvoker.invokeTestMethod(TestInvoker.java:173)
at org.testng.internal.MethodRunner.runInSequence(MethodRunner.java:46)
at org.testng.internal.TestInvoker$MethodInvocationAgent.invoke(TestInvoker.java:824)
at org.testng.internal.TestInvoker.invokeTestMethods(TestInvoker.java:146)
at org.testng.internal.TestMethodWorker.invokeTestMethods(TestMethodWorker.java:146)
at org.testng.internal.TestMethodWorker.run(TestMethodWorker.java:128)
at java.base/java.util.ArrayList.forEach(ArrayList.java:1511)
at org.testng.TestRunner.privateRun(TestRunner.java:794)
at org.testng.TestRunner.run(TestRunner.java:596)
at org.testng.SuiteRunner.runTest(SuiteRunner.java:377)
at org.testng.SuiteRunner.runSequentially(SuiteRunner.java:371)
at org.testng.SuiteRunner.privateRun(SuiteRunner.java:332)
at org.testng.SuiteRunner.run(SuiteRunner.java:276)
at org.testng.SuiteRunnerWorker.runSuite(SuiteRunnerWorker.java:53)
at org.testng.SuiteRunnerWorker.run(SuiteRunnerWorker.java:96)
at org.testng.TestNG.runSuitesSequentially(TestNG.java:1212)
at org.testng.TestNG.runSuitesSequentially(TestNG.java:1207)
at org.testng.TestNG.runSuitesLocally(TestNG.java:1134)
at org.testng.TestNG.runSuites(TestNG.java:1063)
at org.testng.TestNG.run(TestNG.java:1031)
at org.testng.remote.AbstractRemoteTestNG.run(AbstractRemoteTestNG.java:115)
at org.testng.remote.RemoteTestNG.initAndRun(RemoteTestNG.java:251)
at org.testng.remote.RemoteTestNG.main(RemoteTestNG.java:77)
]]>
            </full-stacktrace>
          </exception> <!-- java.lang.AssertionError -->
          <reporter-output>
          </reporter-output>
        </test-method> <!-- Find_LoggedIn_Username -->
      </class> <!-- maven_demo.MyAccountPageUITest -->
    </test> <!-- Login Page Form Test -->
  </suite> <!-- Login Page UI Test Suite (0) -->
  <suite started-at="2024-05-01T00:22:42 IST" name="Login Page UI Test Suite" finished-at="2024-05-01T00:22:42 IST" duration-ms="104">
    <groups>
    </groups>
    <test started-at="2024-05-01T00:22:42 IST" name="Login Page Form Test" finished-at="2024-05-01T00:22:42 IST" duration-ms="104">
      <class name="maven_demo.LoginPageUITest">
        <test-method is-config="true" signature="initialize()[pri:0, instance:maven_demo.LoginPageUITest@7a419da4]" started-at="2024-05-01T00:22:38 IST" name="initialize" finished-at="2024-05-01T00:22:41 IST" duration-ms="3888" status="PASS">
          <reporter-output>
          </reporter-output>
        </test-method> <!-- initialize -->
        <test-method signature="Find_Username_Label()[pri:0, instance:maven_demo.LoginPageUITest@7a419da4]" started-at="2024-05-01T00:22:42 IST" name="Find_Username_Label" finished-at="2024-05-01T00:22:42 IST" duration-ms="43" status="PASS">
          <reporter-output>
          </reporter-output>
        </test-method> <!-- Find_Username_Label -->
        <test-method signature="Find_Email_Input()[pri:1, instance:maven_demo.LoginPageUITest@7a419da4]" started-at="2024-05-01T00:22:42 IST" name="Find_Email_Input" finished-at="2024-05-01T00:22:42 IST" duration-ms="12" status="PASS">
          <reporter-output>
          </reporter-output>
        </test-method> <!-- Find_Email_Input -->
        <test-method signature="Find_Password_Label()[pri:2, instance:maven_demo.LoginPageUITest@7a419da4]" started-at="2024-05-01T00:22:42 IST" name="Find_Password_Label" finished-at="2024-05-01T00:22:42 IST" duration-ms="6" status="PASS">
          <reporter-output>
          </reporter-output>
        </test-method> <!-- Find_Password_Label -->
        <test-method signature="Find_Password_Input()[pri:3, instance:maven_demo.LoginPageUITest@7a419da4]" started-at="2024-05-01T00:22:42 IST" name="Find_Password_Input" finished-at="2024-05-01T00:22:42 IST" duration-ms="7" status="PASS">
          <reporter-output>
          </reporter-output>
        </test-method> <!-- Find_Password_Input -->
        <test-method signature="Find_Signin_Button()[pri:7, instance:maven_demo.LoginPageUITest@7a419da4]" started-at="2024-05-01T00:22:42 IST" name="Find_Signin_Button" finished-at="2024-05-01T00:22:42 IST" duration-ms="6" status="PASS">
          <reporter-output>
          </reporter-output>
        </test-method> <!-- Find_Signin_Button -->
      </class> <!-- maven_demo.LoginPageUITest -->
    </test> <!-- Login Page Form Test -->
  </suite> <!-- Login Page UI Test Suite -->
  <suite started-at="2024-05-01T00:22:42 IST" name="LoginSanitySuite" finished-at="2024-05-01T00:22:42 IST" duration-ms="0">
    <groups>
    </groups>
  </suite> <!-- LoginSanitySuite -->
  <suite started-at="2024-05-01T00:22:42 IST" name="Login Function Test Suite" finished-at="2024-05-01T00:22:42 IST" duration-ms="500">
    <groups>
    </groups>
    <test started-at="2024-05-01T00:22:42 IST" name="Login Function Test" finished-at="2024-05-01T00:22:42 IST" duration-ms="500">
      <class name="maven_demo.LoginTest">
        <test-method signature="Login_Success()[pri:0, instance:maven_demo.LoginTest@614ca7df]" started-at="2024-05-01T00:22:42 IST" name="Login_Success" finished-at="2024-05-01T00:22:42 IST" duration-ms="498" status="PASS">
          <reporter-output>
          </reporter-output>
        </test-method> <!-- Login_Success -->
      </class> <!-- maven_demo.LoginTest -->
    </test> <!-- Login Function Test -->
  </suite> <!-- Login Function Test Suite -->
</testng-results>
